0 silly argv {
0 silly argv   _: [ 'run' ],
0 silly argv   lernaVersion: '6.1.0',
0 silly argv   '$0': 'node_modules\\lerna\\cli.js',
0 silly argv   script: 'build'
0 silly argv }
1 notice cli v6.1.0
2 verbose rootPath D:\Projects\Lifestream Networks\dev\koinonia-web
3 error JSONError: Unexpected token "}" (0x7D) in JSON at position 780 while parsing near "...ript\": \"^4.5.2\",\r\n  },\r\n  \"devDependenci..." in packages\newsfeed\package.json
3 error
3 error [0m [90m 24 |[39m     [32m"tslib"[39m[33m:[39m [32m"^2.3.1"[39m[33m,[39m[0m
3 error [0m [90m 25 |[39m     [32m"typescript"[39m[33m:[39m [32m"^4.5.2"[39m[33m,[39m[0m
3 error [0m[31m[1m>[22m[39m[90m 26 |[39m   }[33m,[39m[0m
3 error [0m [90m    |[39m   [31m[1m^[22m[39m[0m
3 error [0m [90m 27 |[39m   [32m"devDependencies"[39m[33m:[39m {[0m
3 error [0m [90m 28 |[39m     [32m"@babel/core"[39m[33m:[39m [32m"^7.20.5"[39m[33m,[39m[0m
3 error [0m [90m 29 |[39m     [32m"@storybook/addon-actions"[39m[33m:[39m [32m"^6.5.14"[39m[33m,[39m[0m
3 error
3 error     at parseJson (D:\Projects\Lifestream Networks\dev\koinonia-web\node_modules\parse-json\index.js:29:21)
3 error     at parse (D:\Projects\Lifestream Networks\dev\koinonia-web\node_modules\load-json-file\index.js:15:9)
3 error     at module.exports (D:\Projects\Lifestream Networks\dev\koinonia-web\node_modules\load-json-file\index.js:18:47)
